[ 2016-02-27T01:06:40+08:00 ] [ RECORD ]:  register_passport array (
  'cli_ip' => '127.0.0.1',
  'email' => '',
  'mobile' => '',
  'passwd' => '123456',
  'user_name' => 'test1204',
)
[ 2016-02-27T01:40:25+08:00 ] [ RECORD ]:  register_passport array (
  'cli_ip' => '127.0.0.1',
  'email' => '',
  'mobile' => '',
  'passwd' => '123456',
  'user_name' => 'test123213134',
)
[ 2016-02-27T01:41:17+08:00 ] [ RECORD ]:  register_passport array (
  'cli_ip' => '127.0.0.1',
  'email' => '',
  'mobile' => '',
  'passwd' => '123456',
  'user_name' => 'test134',
)
[ 2016-02-27T02:17:06+08:00 ] [ RECORD ]:  update_game array (
  'birthday' => '',
  'gender' => '1adadada6',
  'interest' => '12222ddd6',
  'location' => '4dadad56',
  'pet_name' => '131',
  'wish' => '12312312',
)
[ 2016-02-27T05:54:47+08:00 ] [ RECORD ]:  register_passport array (
  'cli_ip' => '127.0.0.1',
  'email' => '',
  'mobile' => '',
  'passwd' => '123456',
  'user_name' => 'test333134',
)
[ 2016-02-27T22:46:11+08:00 ] [ RECORD ]:  register_passport array (
  'cli_ip' => '172.17.0.1',
  'email' => 'test444@163.com',
  'mobile' => '',
  'passwd' => '111111',
  'user_name' => 'test444',
)
[ 2016-02-27T22:59:29+08:00 ] [ RECORD ]:  update_pwd array (
  'old_pwd' => '123456',
  'passwd' => '111111',
  'pwdconfirm' => '111111',
  'uid' => '107326',
)
[ 2016-02-27T23:00:32+08:00 ] [ RECORD ]:  update_pwd array (
  'old_pwd' => '111111',
  'passwd' => '222222',
  'pwdconfirm' => '222222',
  'uid' => '107326',
)
[ 2016-02-27T23:01:05+08:00 ] [ RECORD ]:  update_pwd array (
  'old_pwd' => '222222',
  'passwd' => '111111',
  'pwdconfirm' => '111111',
  'uid' => '107326',
)
[ 2016-02-27T23:03:00+08:00 ] [ RECORD ]:  register_passport array (
  'cli_ip' => '10.72.5.44',
  'email' => 'qewqe@gamail.com',
  'mobile' => '',
  'passwd' => '111111',
  'user_name' => 'morgan1',
)
[ 2016-02-27T23:05:56+08:00 ] [ RECORD ]:  register_passport array (
  'cli_ip' => '172.17.0.1',
  'email' => 'test666@163.com',
  'mobile' => '',
  'passwd' => '111111',
  'user_name' => 'test666',
)
